Base path: C:/Program Files/Unity/Editor/Data
Pipe name: \\.\pipe\UnityShaderCompiler-64bit-3-8780
Cmd: getPlatforms
Cmd: compileSnippet
  api=1 type=0 insize=1647 outsize=187 kw= ok=1
Cmd: compileSnippet
  api=8 type=1 insize=1647 outsize=3079 kw= ok=1
Cmd: compileSnippet
  api=4 type=0 insize=5479 outsize=1696 kw=PIXELSNAP_ON ok=1
Cmd: compileSnippet
  api=1 type=1 insize=5479 outsize=2250 kw=PIXELSNAP_ON ok=1
Cmd: compileSnippet
  api=1 type=0 insize=1994 outsize=425 kw=PIXELSNAP_ON ok=1
Cmd: compileSnippet
  api=1 type=1 insize=1994 outsize=1373 kw=PIXELSNAP_ON ok=1
Cmd: compileSnippet
  api=8 type=1 insize=2017 outsize=1528 kw= ok=1
Cmd: compileSnippet
  api=8 type=1 insize=4124 outsize=4201 kw= ok=1
Cmd: compileSnippet
  api=8 type=1 insize=4124 outsize=4989 kw= ok=1
Unhandled exception: Readfile from pipe failed. GLE=The pipe has been ended.


Quitting shader compiler process
