Base path: C:/Program Files/Unity/Editor/Data
Pipe name: \\.\pipe\UnityShaderCompiler-64bit-2-8504
Cmd: getPlatforms
Cmd: compileSnippet
  api=8 type=0 insize=1360 outsize=1918 kw= ok=1
Cmd: compileSnippet
  api=4 type=1 insize=5479 outsize=4288 kw=PIXELSNAP_ON ok=1
Cmd: compileSnippet
  api=8 type=0 insize=1994 outsize=1796 kw=DUMMY ok=1
Cmd: compileSnippet
  api=4 type=1 insize=1994 outsize=2777 kw=PIXELSNAP_ON ok=1
Cmd: compileSnippet
  api=8 type=1 insize=1994 outsize=4924 kw=PIXELSNAP_ON ok=1
Cmd: compileSnippet
  api=8 type=0 insize=5604 outsize=1974 kw= ok=1
Cmd: compileSnippet
  api=8 type=0 insize=5612 outsize=2275 kw= ok=1
Cmd: compileSnippet
  api=8 type=0 insize=5616 outsize=2104 kw= ok=1
Cmd: compileSnippet
  api=8 type=1 insize=5617 outsize=2771 kw= ok=1
Cmd: compileSnippet
  api=8 type=0 insize=5622 outsize=2641 kw= ok=1
Cmd: compileSnippet
  api=8 type=0 insize=4124 outsize=3079 kw= ok=1
Cmd: compileSnippet
  api=8 type=0 insize=4124 outsize=3079 kw= ok=1
Unhandled exception: Readfile from pipe failed. GLE=The pipe has been ended.


Quitting shader compiler process
